# JRE version: OpenJDK Runtime Environment JBR-17.0.3+7-469.32-jcef (17.0.3+7) (build 17.0.3+7-b469.32)
# Java VM: OpenJDK 64-Bit Server VM JBR-17.0.3+7-469.32-jcef (17.0.3+7-b469.32, mixed mode, tiered, compressed oops, compressed class ptrs, g1 gc, windows-amd64)
GC Precious Log:
 CPUs: 16 total, 16 available
 Memory: 15742M
 Large Page Support: Disabled
 NUMA Support: Disabled
 Compressed Oops: Enabled (32-bit)
 Heap Region Size: 1M
 Heap Min Capacity: 128M
 Heap Initial Capacity: 128M
 Heap Max Capacity: 750M
 Pre-touch: Disabled
 Parallel Workers: 13
 Concurrent Workers: 3
 Concurrent Refinement Workers: 13
 Periodic GC: Disabled
Heap:
 garbage-first heap   total 452608K, used 285080K [0x00000000d1200000, 0x0000000100000000)
  region size 1024K, 3 young (3072K), 3 survivors (3072K)
 Metaspace       used 34008K, committed 34304K, reserved 1081344K
  class space    used 3703K, committed 3840K, reserved 1048576K
GC Heap History (20 events):
Event: 1.335 GC heap after
{Heap after GC invocations=7 (full 0):
 garbage-first heap   total 157696K, used 105762K [0x00000000d1200000, 0x0000000100000000)
  region size 1024K, 4 young (4096K), 4 survivors (4096K)
 Metaspace       used 32893K, committed 33216K, reserved 1081344K
  class space    used 3669K, committed 3840K, reserved 1048576K
}
Event: 1.577 GC heap before
{Heap before GC invocations=8 (full 0):
 garbage-first heap   total 230400K, used 174370K [0x00000000d1200000, 0x0000000100000000)
  region size 1024K, 31 young (31744K), 4 survivors (4096K)
 Metaspace       used 33555K, committed 33792K, reserved 1081344K
  class space    used 3695K, committed 3840K, reserved 1048576K
}
Event: 1.587 GC heap after
{Heap after GC invocations=9 (full 0):
 garbage-first heap   total 230400K, used 154936K [0x00000000d1200000, 0x0000000100000000)
  region size 1024K, 4 young (4096K), 4 survivors (4096K)
 Metaspace       used 33555K, committed 33792K, reserved 1081344K
  class space    used 3695K, committed 3840K, reserved 1048576K
}
Event: 1.668 GC heap before
{Heap before GC invocations=9 (full 0):
 garbage-first heap   total 230400K, used 162104K [0x00000000d1200000, 0x0000000100000000)
  region size 1024K, 11 young (11264K), 4 survivors (4096K)
 Metaspace       used 33628K, committed 33920K, reserved 1081344K
  class space    used 3696K, committed 3840K, reserved 1048576K
}
Event: 1.675 GC heap after
{Heap after GC invocations=10 (full 0):
 garbage-first heap   total 230400K, used 158316K [0x00000000d1200000, 0x0000000100000000)
  region size 1024K, 2 young (2048K), 2 survivors (2048K)
 Metaspace       used 33628K, committed 33920K, reserved 1081344K
  class space    used 3696K, committed 3840K, reserved 1048576K
}
Event: 1.742 GC heap before
{Heap before GC invocations=10 (full 0):
 garbage-first heap   total 230400K, used 186988K [0x00000000d1200000, 0x0000000100000000)
  region size 1024K, 30 young (30720K), 2 survivors (2048K)
 Metaspace       used 33683K, committed 33984K, reserved 1081344K
  class space    used 3696K, committed 3840K, reserved 1048576K
}
Event: 1.751 GC heap after
{Heap after GC invocations=11 (full 0):
 garbage-first heap   total 284672K, used 173033K [0x00000000d1200000, 0x0000000100000000)
  region size 1024K, 4 young (4096K), 4 survivors (4096K)
 Metaspace       used 33683K, committed 33984K, reserved 1081344K
  class space    used 3696K, committed 3840K, reserved 1048576K
}
Event: 1.880 GC heap before
{Heap before GC invocations=12 (full 0):
 garbage-first heap   total 296960K, used 218089K [0x00000000d1200000, 0x0000000100000000)
  region size 1024K, 48 young (49152K), 4 survivors (4096K)
 Metaspace       used 33788K, committed 34048K, reserved 1081344K
  class space    used 3694K, committed 3840K, reserved 1048576K
}
Event: 1.892 GC heap after
{Heap after GC invocations=13 (full 0):
 garbage-first heap   total 296960K, used 194560K [0x00000000d1200000, 0x0000000100000000)
  region size 1024K, 6 young (6144K), 6 survivors (6144K)
 Metaspace       used 33788K, committed 34048K, reserved 1081344K
  class space    used 3694K, committed 3840K, reserved 1048576K
}
Event: 1.914 GC heap before
{Heap before GC invocations=13 (full 0):
 garbage-first heap   total 296960K, used 202752K [0x00000000d1200000, 0x0000000100000000)
  region size 1024K, 14 young (14336K), 6 survivors (6144K)
 Metaspace       used 33789K, committed 34048K, reserved 1081344K
  class space    used 3694K, committed 3840K, reserved 1048576K
}
Event: 1.921 GC heap after
{Heap after GC invocations=14 (full 0):
 garbage-first heap   total 296960K, used 199680K [0x00000000d1200000, 0x0000000100000000)
  region size 1024K, 2 young (2048K), 2 survivors (2048K)
 Metaspace       used 33789K, committed 34048K, reserved 1081344K
  class space    used 3694K, committed 3840K, reserved 1048576K
}
Event: 2.003 GC heap before
{Heap before GC invocations=14 (full 0):
 garbage-first heap   total 296960K, used 233472K [0x00000000d1200000, 0x0000000100000000)
  region size 1024K, 35 young (35840K), 2 survivors (2048K)
 Metaspace       used 33803K, committed 34112K, reserved 1081344K
  class space    used 3694K, committed 3840K, reserved 1048576K
}
Event: 2.012 GC heap after
{Heap after GC invocations=15 (full 0):
 garbage-first heap   total 296960K, used 216421K [0x00000000d1200000, 0x0000000100000000)
  region size 1024K, 5 young (5120K), 5 survivors (5120K)
 Metaspace       used 33803K, committed 34112K, reserved 1081344K
  class space    used 3694K, committed 3840K, reserved 1048576K
}
Event: 2.080 GC heap before
{Heap before GC invocations=16 (full 0):
 garbage-first heap   total 382976K, used 239973K [0x00000000d1200000, 0x0000000100000000)
  region size 1024K, 28 young (28672K), 5 survivors (5120K)
 Metaspace       used 33862K, committed 34112K, reserved 1081344K
  class space    used 3694K, committed 3840K, reserved 1048576K
}
Event: 2.087 GC heap after
{Heap after GC invocations=17 (full 0):
 garbage-first heap   total 382976K, used 228352K [0x00000000d1200000, 0x0000000100000000)
  region size 1024K, 4 young (4096K), 4 survivors (4096K)
 Metaspace       used 33862K, committed 34112K, reserved 1081344K
  class space    used 3694K, committed 3840K, reserved 1048576K
}
Event: 2.279 GC heap before
{Heap before GC invocations=17 (full 0):
 garbage-first heap   total 382976K, used 280576K [0x00000000d1200000, 0x0000000100000000)
  region size 1024K, 55 young (56320K), 4 survivors (4096K)
 Metaspace       used 34008K, committed 34304K, reserved 1081344K
  class space    used 3703K, committed 3840K, reserved 1048576K
}
Event: 2.293 GC heap after
{Heap after GC invocations=18 (full 0):
 garbage-first heap   total 382976K, used 254844K [0x00000000d1200000, 0x0000000100000000)
  region size 1024K, 7 young (7168K), 7 survivors (7168K)
 Metaspace       used 34008K, committed 34304K, reserved 1081344K
  class space    used 3703K, committed 3840K, reserved 1048576K
}
Event: 2.422 GC heap before
{Heap before GC invocations=19 (full 0):
 garbage-first heap   total 452608K, used 295804K [0x00000000d1200000, 0x0000000100000000)
  region size 1024K, 47 young (48128K), 7 survivors (7168K)
 Metaspace       used 34008K, committed 34304K, reserved 1081344K
  class space    used 3703K, committed 3840K, reserved 1048576K
}
Event: 2.433 GC heap after
{Heap after GC invocations=20 (full 0):
 garbage-first heap   total 452608K, used 276243K [0x00000000d1200000, 0x0000000100000000)
  region size 1024K, 6 young (6144K), 6 survivors (6144K)
 Metaspace       used 34008K, committed 34304K, reserved 1081344K
  class space    used 3703K, committed 3840K, reserved 1048576K
}
Event: 2.468 GC heap before
{Heap before GC invocations=20 (full 0):
 garbage-first heap   total 452608K, used 292627K [0x00000000d1200000, 0x0000000100000000)
  region size 1024K, 22 young (22528K), 6 survivors (6144K)
 Metaspace       used 34008K, committed 34304K, reserved 1081344K
  class space    used 3703K, committed 3840K, reserved 1048576K
}

