# JRE version: OpenJDK Runtime Environment JBR-17.0.3+7-469.32-jcef (17.0.3+7) (build 17.0.3+7-b469.32)
# Java VM: OpenJDK 64-Bit Server VM JBR-17.0.3+7-469.32-jcef (17.0.3+7-b469.32, mixed mode, tiered, compressed oops, compressed class ptrs, g1 gc, windows-amd64)
GC Precious Log:
 CPUs: 16 total, 16 available
 Memory: 15742M
 Large Page Support: Disabled
 NUMA Support: Disabled
 Compressed Oops: Enabled (32-bit)
 Heap Region Size: 1M
 Heap Min Capacity: 128M
 Heap Initial Capacity: 128M
 Heap Max Capacity: 750M
 Pre-touch: Disabled
 Parallel Workers: 13
 Concurrent Workers: 3
 Concurrent Refinement Workers: 13
 Periodic GC: Disabled
Heap:
 garbage-first heap   total 519168K, used 399972K [0x00000000d1200000, 0x0000000100000000)
  region size 1024K, 15 young (15360K), 6 survivors (6144K)
 Metaspace       used 38656K, committed 38912K, reserved 1089536K
  class space    used 4152K, committed 4288K, reserved 1048576K
GC Heap History (20 events):
Event: 1.950 GC heap before
{Heap before GC invocations=14 (full 0):
 garbage-first heap   total 398336K, used 301568K [0x00000000d1200000, 0x0000000100000000)
  region size 1024K, 53 young (54272K), 8 survivors (8192K)
 Metaspace       used 33997K, committed 34304K, reserved 1081344K
  class space    used 3702K, committed 3840K, reserved 1048576K
}
Event: 1.964 GC heap after
{Heap after GC invocations=15 (full 0):
 garbage-first heap   total 398336K, used 279040K [0x00000000d1200000, 0x0000000100000000)
  region size 1024K, 7 young (7168K), 7 survivors (7168K)
 Metaspace       used 33997K, committed 34304K, reserved 1081344K
  class space    used 3702K, committed 3840K, reserved 1048576K
}
Event: 2.038 GC heap before
{Heap before GC invocations=15 (full 0):
 garbage-first heap   total 519168K, used 315904K [0x00000000d1200000, 0x0000000100000000)
  region size 1024K, 43 young (44032K), 7 survivors (7168K)
 Metaspace       used 34000K, committed 34304K, reserved 1081344K
  class space    used 3702K, committed 3840K, reserved 1048576K
}
Event: 2.047 GC heap after
{Heap after GC invocations=16 (full 0):
 garbage-first heap   total 519168K, used 297984K [0x00000000d1200000, 0x0000000100000000)
  region size 1024K, 6 young (6144K), 6 survivors (6144K)
 Metaspace       used 34000K, committed 34304K, reserved 1081344K
  class space    used 3702K, committed 3840K, reserved 1048576K
}
Event: 2.351 GC heap before
{Heap before GC invocations=17 (full 0):
 garbage-first heap   total 519168K, used 410624K [0x00000000d1200000, 0x0000000100000000)
  region size 1024K, 80 young (81920K), 6 survivors (6144K)
 Metaspace       used 35963K, committed 36224K, reserved 1089536K
  class space    used 3907K, committed 4032K, reserved 1048576K
}
Event: 2.364 GC heap after
{Heap after GC invocations=18 (full 0):
 garbage-first heap   total 519168K, used 330681K [0x00000000d1200000, 0x0000000100000000)
  region size 1024K, 10 young (10240K), 10 survivors (10240K)
 Metaspace       used 35963K, committed 36224K, reserved 1089536K
  class space    used 3907K, committed 4032K, reserved 1048576K
}
Event: 2.447 GC heap before
{Heap before GC invocations=18 (full 0):
 garbage-first heap   total 519168K, used 346041K [0x00000000d1200000, 0x0000000100000000)
  region size 1024K, 25 young (25600K), 10 survivors (10240K)
 Metaspace       used 36380K, committed 36672K, reserved 1089536K
  class space    used 3943K, committed 4096K, reserved 1048576K
}
Event: 2.453 GC heap after
{Heap after GC invocations=19 (full 0):
 garbage-first heap   total 519168K, used 339771K [0x00000000d1200000, 0x0000000100000000)
  region size 1024K, 4 young (4096K), 4 survivors (4096K)
 Metaspace       used 36380K, committed 36672K, reserved 1089536K
  class space    used 3943K, committed 4096K, reserved 1048576K
}
Event: 2.602 GC heap before
{Heap before GC invocations=19 (full 0):
 garbage-first heap   total 519168K, used 401211K [0x00000000d1200000, 0x0000000100000000)
  region size 1024K, 64 young (65536K), 4 survivors (4096K)
 Metaspace       used 36806K, committed 37120K, reserved 1089536K
  class space    used 3973K, committed 4096K, reserved 1048576K
}
Event: 2.613 GC heap after
{Heap after GC invocations=20 (full 0):
 garbage-first heap   total 519168K, used 377382K [0x00000000d1200000, 0x0000000100000000)
  region size 1024K, 8 young (8192K), 8 survivors (8192K)
 Metaspace       used 36806K, committed 37120K, reserved 1089536K
  class space    used 3973K, committed 4096K, reserved 1048576K
}
Event: 2.685 GC heap before
{Heap before GC invocations=20 (full 0):
 garbage-first heap   total 519168K, used 417318K [0x00000000d1200000, 0x0000000100000000)
  region size 1024K, 47 young (48128K), 8 survivors (8192K)
 Metaspace       used 36821K, committed 37120K, reserved 1089536K
  class space    used 3973K, committed 4096K, reserved 1048576K
}
Event: 2.696 GC heap after
{Heap after GC invocations=21 (full 0):
 garbage-first heap   total 519168K, used 403923K [0x00000000d1200000, 0x0000000100000000)
  region size 1024K, 6 young (6144K), 6 survivors (6144K)
 Metaspace       used 36821K, committed 37120K, reserved 1089536K
  class space    used 3973K, committed 4096K, reserved 1048576K
}
Event: 2.760 GC heap before
{Heap before GC invocations=21 (full 0):
 garbage-first heap   total 519168K, used 329171K [0x00000000d1200000, 0x0000000100000000)
  region size 1024K, 32 young (32768K), 6 survivors (6144K)
 Metaspace       used 36937K, committed 37248K, reserved 1089536K
  class space    used 3982K, committed 4096K, reserved 1048576K
}
Event: 2.766 GC heap after
{Heap after GC invocations=22 (full 0):
 garbage-first heap   total 519168K, used 319932K [0x00000000d1200000, 0x0000000100000000)
  region size 1024K, 4 young (4096K), 4 survivors (4096K)
 Metaspace       used 36937K, committed 37248K, reserved 1089536K
  class space    used 3982K, committed 4096K, reserved 1048576K
}
Event: 2.897 GC heap before
{Heap before GC invocations=23 (full 0):
 garbage-first heap   total 519168K, used 384444K [0x00000000d1200000, 0x0000000100000000)
  region size 1024K, 67 young (68608K), 4 survivors (4096K)
 Metaspace       used 37008K, committed 37376K, reserved 1089536K
  class space    used 3985K, committed 4160K, reserved 1048576K
}
Event: 2.910 GC heap after
{Heap after GC invocations=24 (full 0):
 garbage-first heap   total 519168K, used 358400K [0x00000000d1200000, 0x0000000100000000)
  region size 1024K, 9 young (9216K), 9 survivors (9216K)
 Metaspace       used 37008K, committed 37376K, reserved 1089536K
  class space    used 3985K, committed 4160K, reserved 1048576K
}
Event: 2.946 GC heap before
{Heap before GC invocations=24 (full 0):
 garbage-first heap   total 519168K, used 374784K [0x00000000d1200000, 0x0000000100000000)
  region size 1024K, 25 young (25600K), 9 survivors (9216K)
 Metaspace       used 37013K, committed 37376K, reserved 1089536K
  class space    used 3985K, committed 4160K, reserved 1048576K
}
Event: 2.952 GC heap after
{Heap after GC invocations=25 (full 0):
 garbage-first heap   total 519168K, used 368098K [0x00000000d1200000, 0x0000000100000000)
  region size 1024K, 4 young (4096K), 4 survivors (4096K)
 Metaspace       used 37013K, committed 37376K, reserved 1089536K
  class space    used 3985K, committed 4160K, reserved 1048576K
}
Event: 3.049 GC heap before
{Heap before GC invocations=25 (full 0):
 garbage-first heap   total 519168K, used 410082K [0x00000000d1200000, 0x0000000100000000)
  region size 1024K, 45 young (46080K), 4 survivors (4096K)
 Metaspace       used 37159K, committed 37504K, reserved 1089536K
  class space    used 3999K, committed 4160K, reserved 1048576K
}
Event: 3.057 GC heap after
{Heap after GC invocations=26 (full 0):
 garbage-first heap   total 519168K, used 391780K [0x00000000d1200000, 0x0000000100000000)
  region size 1024K, 6 young (6144K), 6 survivors (6144K)
 Metaspace       used 37159K, committed 37504K, reserved 1089536K
  class space    used 3999K, committed 4160K, reserved 1048576K
}

