# JRE version: OpenJDK Runtime Environment JBR-17.0.3+7-469.32-jcef (17.0.3+7) (build 17.0.3+7-b469.32)
# Java VM: OpenJDK 64-Bit Server VM JBR-17.0.3+7-469.32-jcef (17.0.3+7-b469.32, mixed mode, tiered, compressed oops, compressed class ptrs, g1 gc, windows-amd64)
GC Precious Log:
 CPUs: 16 total, 16 available
 Memory: 15742M
 Large Page Support: Disabled
 NUMA Support: Disabled
 Compressed Oops: Enabled (32-bit)
 Heap Region Size: 1M
 Heap Min Capacity: 128M
 Heap Initial Capacity: 128M
 Heap Max Capacity: 750M
 Pre-touch: Disabled
 Parallel Workers: 13
 Concurrent Workers: 3
 Concurrent Refinement Workers: 13
 Periodic GC: Disabled
Heap:
 garbage-first heap   total 505856K, used 308224K [0x00000000d1200000, 0x0000000100000000)
  region size 1024K, 3 young (3072K), 3 survivors (3072K)
 Metaspace       used 34007K, committed 34304K, reserved 1081344K
  class space    used 3702K, committed 3840K, reserved 1048576K
GC Heap History (20 events):
Event: 1.146 GC heap before
{Heap before GC invocations=5 (full 0):
 garbage-first heap   total 131072K, used 90465K [0x00000000d1200000, 0x0000000100000000)
  region size 1024K, 5 young (5120K), 4 survivors (4096K)
 Metaspace       used 32892K, committed 33216K, reserved 1081344K
  class space    used 3670K, committed 3840K, reserved 1048576K
}
Event: 1.149 GC heap after
{Heap after GC invocations=6 (full 0):
 garbage-first heap   total 131072K, used 42263K [0x00000000d1200000, 0x0000000100000000)
  region size 1024K, 4 young (4096K), 4 survivors (4096K)
 Metaspace       used 32892K, committed 33216K, reserved 1081344K
  class space    used 3670K, committed 3840K, reserved 1048576K
}
Event: 1.248 GC heap before
{Heap before GC invocations=6 (full 0):
 garbage-first heap   total 194560K, used 148759K [0x00000000d1200000, 0x0000000100000000)
  region size 1024K, 16 young (16384K), 4 survivors (4096K)
 Metaspace       used 33465K, committed 33728K, reserved 1081344K
  class space    used 3695K, committed 3840K, reserved 1048576K
}
Event: 1.252 GC heap after
{Heap after GC invocations=7 (full 0):
 garbage-first heap   total 194560K, used 142431K [0x00000000d1200000, 0x0000000100000000)
  region size 1024K, 9 young (9216K), 9 survivors (9216K)
 Metaspace       used 33465K, committed 33728K, reserved 1081344K
  class space    used 3695K, committed 3840K, reserved 1048576K
}
Event: 1.343 GC heap before
{Heap before GC invocations=8 (full 0):
 garbage-first heap   total 242688K, used 171103K [0x00000000d1200000, 0x0000000100000000)
  region size 1024K, 29 young (29696K), 9 survivors (9216K)
 Metaspace       used 33574K, committed 33856K, reserved 1081344K
  class space    used 3695K, committed 3840K, reserved 1048576K
}
Event: 1.351 GC heap after
{Heap after GC invocations=9 (full 0):
 garbage-first heap   total 242688K, used 156459K [0x00000000d1200000, 0x0000000100000000)
  region size 1024K, 4 young (4096K), 4 survivors (4096K)
 Metaspace       used 33574K, committed 33856K, reserved 1081344K
  class space    used 3695K, committed 3840K, reserved 1048576K
}
Event: 1.375 GC heap before
{Heap before GC invocations=9 (full 0):
 garbage-first heap   total 242688K, used 163627K [0x00000000d1200000, 0x0000000100000000)
  region size 1024K, 11 young (11264K), 4 survivors (4096K)
 Metaspace       used 33631K, committed 33920K, reserved 1081344K
  class space    used 3695K, committed 3840K, reserved 1048576K
}
Event: 1.381 GC heap after
{Heap after GC invocations=10 (full 0):
 garbage-first heap   total 297984K, used 160463K [0x00000000d1200000, 0x0000000100000000)
  region size 1024K, 2 young (2048K), 2 survivors (2048K)
 Metaspace       used 33631K, committed 33920K, reserved 1081344K
  class space    used 3695K, committed 3840K, reserved 1048576K
}
Event: 1.533 GC heap before
{Heap before GC invocations=10 (full 0):
 garbage-first heap   total 297984K, used 222927K [0x00000000d1200000, 0x0000000100000000)
  region size 1024K, 63 young (64512K), 2 survivors (2048K)
 Metaspace       used 33780K, committed 34048K, reserved 1081344K
  class space    used 3695K, committed 3840K, reserved 1048576K
}
Event: 1.548 GC heap after
{Heap after GC invocations=11 (full 0):
 garbage-first heap   total 297984K, used 190686K [0x00000000d1200000, 0x0000000100000000)
  region size 1024K, 8 young (8192K), 8 survivors (8192K)
 Metaspace       used 33780K, committed 34048K, reserved 1081344K
  class space    used 3695K, committed 3840K, reserved 1048576K
}
Event: 1.652 GC heap before
{Heap before GC invocations=12 (full 0):
 garbage-first heap   total 329728K, used 229598K [0x00000000d1200000, 0x0000000100000000)
  region size 1024K, 46 young (47104K), 8 survivors (8192K)
 Metaspace       used 33791K, committed 34112K, reserved 1081344K
  class space    used 3693K, committed 3840K, reserved 1048576K
}
Event: 1.665 GC heap after
{Heap after GC invocations=13 (full 0):
 garbage-first heap   total 329728K, used 210944K [0x00000000d1200000, 0x0000000100000000)
  region size 1024K, 6 young (6144K), 6 survivors (6144K)
 Metaspace       used 33791K, committed 34112K, reserved 1081344K
  class space    used 3693K, committed 3840K, reserved 1048576K
}
Event: 1.762 GC heap before
{Heap before GC invocations=13 (full 0):
 garbage-first heap   total 329728K, used 251904K [0x00000000d1200000, 0x0000000100000000)
  region size 1024K, 46 young (47104K), 6 survivors (6144K)
 Metaspace       used 33943K, committed 34176K, reserved 1081344K
  class space    used 3700K, committed 3840K, reserved 1048576K
}
Event: 1.775 GC heap after
{Heap after GC invocations=14 (full 0):
 garbage-first heap   total 329728K, used 231424K [0x00000000d1200000, 0x0000000100000000)
  region size 1024K, 6 young (6144K), 6 survivors (6144K)
 Metaspace       used 33943K, committed 34176K, reserved 1081344K
  class space    used 3700K, committed 3840K, reserved 1048576K
}
Event: 1.905 GC heap before
{Heap before GC invocations=15 (full 0):
 garbage-first heap   total 411648K, used 262144K [0x00000000d1200000, 0x0000000100000000)
  region size 1024K, 36 young (36864K), 6 survivors (6144K)
 Metaspace       used 33997K, committed 34304K, reserved 1081344K
  class space    used 3701K, committed 3840K, reserved 1048576K
}
Event: 1.913 GC heap after
{Heap after GC invocations=16 (full 0):
 garbage-first heap   total 411648K, used 248233K [0x00000000d1200000, 0x0000000100000000)
  region size 1024K, 5 young (5120K), 5 survivors (5120K)
 Metaspace       used 33997K, committed 34304K, reserved 1081344K
  class space    used 3701K, committed 3840K, reserved 1048576K
}
Event: 2.012 GC heap before
{Heap before GC invocations=16 (full 0):
 garbage-first heap   total 411648K, used 301481K [0x00000000d1200000, 0x0000000100000000)
  region size 1024K, 57 young (58368K), 5 survivors (5120K)
 Metaspace       used 34003K, committed 34304K, reserved 1081344K
  class space    used 3702K, committed 3840K, reserved 1048576K
}
Event: 2.026 GC heap after
{Heap after GC invocations=17 (full 0):
 garbage-first heap   total 411648K, used 276480K [0x00000000d1200000, 0x0000000100000000)
  region size 1024K, 8 young (8192K), 8 survivors (8192K)
 Metaspace       used 34003K, committed 34304K, reserved 1081344K
  class space    used 3702K, committed 3840K, reserved 1048576K
}
Event: 2.125 GC heap before
{Heap before GC invocations=18 (full 0):
 garbage-first heap   total 505856K, used 318464K [0x00000000d1200000, 0x0000000100000000)
  region size 1024K, 49 young (50176K), 8 survivors (8192K)
 Metaspace       used 34003K, committed 34304K, reserved 1081344K
  class space    used 3702K, committed 3840K, reserved 1048576K
}
Event: 2.135 GC heap after
{Heap after GC invocations=19 (full 0):
 garbage-first heap   total 505856K, used 299008K [0x00000000d1200000, 0x0000000100000000)
  region size 1024K, 7 young (7168K), 7 survivors (7168K)
 Metaspace       used 34003K, committed 34304K, reserved 1081344K
  class space    used 3702K, committed 3840K, reserved 1048576K
}

