# JRE version: OpenJDK Runtime Environment (8.0_342-b07) (build 1.8.0_342-b07)
# Java VM: OpenJDK 64-Bit Server VM (25.342-b07 mixed mode windows-amd64 compressed oops)
Heap:
 PSYoungGen      total 81920K, used 28396K [0x000000076e000000, 0x0000000773d80000, 0x00000007c0000000)
  eden space 75264K, 31% used [0x000000076e000000,0x000000076f757e48,0x0000000772980000)
  from space 6656K, 67% used [0x0000000773700000,0x0000000773b63498,0x0000000773d80000)
  to   space 10240K, 0% used [0x0000000772980000,0x0000000772980000,0x0000000773380000)
 ParOldGen       total 95744K, used 17153K [0x00000006ca000000, 0x00000006cfd80000, 0x000000076e000000)
  object space 95744K, 17% used [0x00000006ca000000,0x00000006cb0c0738,0x00000006cfd80000)
 Metaspace       used 36736K, capacity 38604K, committed 38912K, reserved 1085440K
  class space    used 4913K, capacity 5310K, committed 5376K, reserved 1048576K
GC Heap History (10 events):
Event: 10.896 GC heap before
{Heap before GC invocations=10 (full 1):
 PSYoungGen      total 68608K, used 66042K [0x000000076e000000, 0x0000000772e00000, 0x00000007c0000000)
  eden space 59392K, 100% used [0x000000076e000000,0x0000000771a00000,0x0000000771a00000)
  from space 9216K, 72% used [0x0000000772500000,0x0000000772b7e928,0x0000000772e00000)
  to   space 10240K, 0% used [0x0000000771a00000,0x0000000771a00000,0x0000000772400000)
 ParOldGen       total 95744K, used 7980K [0x00000006ca000000, 0x00000006cfd80000, 0x000000076e000000)
  object space 95744K, 8% used [0x00000006ca000000,0x00000006ca7cb1c0,0x00000006cfd80000)
 Metaspace       used 28313K, capacity 29528K, committed 29824K, reserved 1075200K
  class space    used 3837K, capacity 4126K, committed 4224K, reserved 1048576K
Event: 10.900 GC heap after
Heap after GC invocations=10 (full 1):
 PSYoungGen      total 64512K, used 5981K [0x000000076e000000, 0x0000000772c00000, 0x00000007c0000000)
  eden space 58368K, 0% used [0x000000076e000000,0x000000076e000000,0x0000000771900000)
  from space 6144K, 97% used [0x0000000771a00000,0x0000000771fd76f0,0x0000000772000000)
  to   space 9728K, 0% used [0x0000000772280000,0x0000000772280000,0x0000000772c00000)
 ParOldGen       total 95744K, used 10644K [0x00000006ca000000, 0x00000006cfd80000, 0x000000076e000000)
  object space 95744K, 11% used [0x00000006ca000000,0x00000006caa651e0,0x00000006cfd80000)
 Metaspace       used 28313K, capacity 29528K, committed 29824K, reserved 1075200K
  class space    used 3837K, capacity 4126K, committed 4224K, reserved 1048576K
}
Event: 11.628 GC heap before
{Heap before GC invocations=11 (full 1):
 PSYoungGen      total 64512K, used 64349K [0x000000076e000000, 0x0000000772c00000, 0x00000007c0000000)
  eden space 58368K, 100% used [0x000000076e000000,0x0000000771900000,0x0000000771900000)
  from space 6144K, 97% used [0x0000000771a00000,0x0000000771fd76f0,0x0000000772000000)
  to   space 9728K, 0% used [0x0000000772280000,0x0000000772280000,0x0000000772c00000)
 ParOldGen       total 95744K, used 10644K [0x00000006ca000000, 0x00000006cfd80000, 0x000000076e000000)
  object space 95744K, 11% used [0x00000006ca000000,0x00000006caa651e0,0x00000006cfd80000)
 Metaspace       used 31218K, capacity 32620K, committed 32768K, reserved 1077248K
  class space    used 4196K, capacity 4518K, committed 4608K, reserved 1048576K
Event: 11.633 GC heap after
Heap after GC invocations=11 (full 1):
 PSYoungGen      total 66048K, used 5210K [0x000000076e000000, 0x0000000772b00000, 0x00000007c0000000)
  eden space 57344K, 0% used [0x000000076e000000,0x000000076e000000,0x0000000771800000)
  from space 8704K, 59% used [0x0000000772280000,0x0000000772796a88,0x0000000772b00000)
  to   space 9728K, 0% used [0x0000000771800000,0x0000000771800000,0x0000000772180000)
 ParOldGen       total 95744K, used 12702K [0x00000006ca000000, 0x00000006cfd80000, 0x000000076e000000)
  object space 95744K, 13% used [0x00000006ca000000,0x00000006cac67a80,0x00000006cfd80000)
 Metaspace       used 31218K, capacity 32620K, committed 32768K, reserved 1077248K
  class space    used 4196K, capacity 4518K, committed 4608K, reserved 1048576K
}
Event: 12.146 GC heap before
{Heap before GC invocations=12 (full 1):
 PSYoungGen      total 66048K, used 50898K [0x000000076e000000, 0x0000000772b00000, 0x00000007c0000000)
  eden space 57344K, 79% used [0x000000076e000000,0x0000000770c9dda8,0x0000000771800000)
  from space 8704K, 59% used [0x0000000772280000,0x0000000772796a88,0x0000000772b00000)
  to   space 9728K, 0% used [0x0000000771800000,0x0000000771800000,0x0000000772180000)
 ParOldGen       total 95744K, used 12702K [0x00000006ca000000, 0x00000006cfd80000, 0x000000076e000000)
  object space 95744K, 13% used [0x00000006ca000000,0x00000006cac67a80,0x00000006cfd80000)
 Metaspace       used 33622K, capacity 35432K, committed 35496K, reserved 1079296K
  class space    used 4494K, capacity 4862K, committed 4864K, reserved 1048576K
Event: 12.151 GC heap after
Heap after GC invocations=12 (full 1):
 PSYoungGen      total 67072K, used 4626K [0x000000076e000000, 0x0000000774100000, 0x00000007c0000000)
  eden space 57344K, 0% used [0x000000076e000000,0x000000076e000000,0x0000000771800000)
  from space 9728K, 47% used [0x0000000771800000,0x0000000771c84890,0x0000000772180000)
  to   space 10240K, 0% used [0x0000000773700000,0x0000000773700000,0x0000000774100000)
 ParOldGen       total 95744K, used 16046K [0x00000006ca000000, 0x00000006cfd80000, 0x000000076e000000)
  object space 95744K, 16% used [0x00000006ca000000,0x00000006cafabad0,0x00000006cfd80000)
 Metaspace       used 33622K, capacity 35432K, committed 35496K, reserved 1079296K
  class space    used 4494K, capacity 4862K, committed 4864K, reserved 1048576K
}
Event: 12.151 GC heap before
{Heap before GC invocations=13 (full 2):
 PSYoungGen      total 67072K, used 4626K [0x000000076e000000, 0x0000000774100000, 0x00000007c0000000)
  eden space 57344K, 0% used [0x000000076e000000,0x000000076e000000,0x0000000771800000)
  from space 9728K, 47% used [0x0000000771800000,0x0000000771c84890,0x0000000772180000)
  to   space 10240K, 0% used [0x0000000773700000,0x0000000773700000,0x0000000774100000)
 ParOldGen       total 95744K, used 16046K [0x00000006ca000000, 0x00000006cfd80000, 0x000000076e000000)
  object space 95744K, 16% used [0x00000006ca000000,0x00000006cafabad0,0x00000006cfd80000)
 Metaspace       used 33622K, capacity 35432K, committed 35496K, reserved 1079296K
  class space    used 4494K, capacity 4862K, committed 4864K, reserved 1048576K
Event: 12.221 GC heap after
Heap after GC invocations=13 (full 2):
 PSYoungGen      total 67072K, used 0K [0x000000076e000000, 0x0000000774100000, 0x00000007c0000000)
  eden space 57344K, 0% used [0x000000076e000000,0x000000076e000000,0x0000000771800000)
  from space 9728K, 0% used [0x0000000771800000,0x0000000771800000,0x0000000772180000)
  to   space 10240K, 0% used [0x0000000773700000,0x0000000773700000,0x0000000774100000)
 ParOldGen       total 95744K, used 17145K [0x00000006ca000000, 0x00000006cfd80000, 0x000000076e000000)
  object space 95744K, 17% used [0x00000006ca000000,0x00000006cb0be738,0x00000006cfd80000)
 Metaspace       used 33622K, capacity 35432K, committed 35496K, reserved 1079296K
  class space    used 4494K, capacity 4862K, committed 4864K, reserved 1048576K
}
Event: 12.629 GC heap before
{Heap before GC invocations=14 (full 2):
 PSYoungGen      total 67072K, used 57344K [0x000000076e000000, 0x0000000774100000, 0x00000007c0000000)
  eden space 57344K, 100% used [0x000000076e000000,0x0000000771800000,0x0000000771800000)
  from space 9728K, 0% used [0x0000000771800000,0x0000000771800000,0x0000000772180000)
  to   space 10240K, 0% used [0x0000000773700000,0x0000000773700000,0x0000000774100000)
 ParOldGen       total 95744K, used 17145K [0x00000006ca000000, 0x00000006cfd80000, 0x000000076e000000)
  object space 95744K, 17% used [0x00000006ca000000,0x00000006cb0be738,0x00000006cfd80000)
 Metaspace       used 34731K, capacity 36626K, committed 36864K, reserved 1081344K
  class space    used 4629K, capacity 4999K, committed 5120K, reserved 1048576K
Event: 12.633 GC heap after
Heap after GC invocations=14 (full 2):
 PSYoungGen      total 81920K, used 4493K [0x000000076e000000, 0x0000000773d80000, 0x00000007c0000000)
  eden space 75264K, 0% used [0x000000076e000000,0x000000076e000000,0x0000000772980000)
  from space 6656K, 67% used [0x0000000773700000,0x0000000773b63498,0x0000000773d80000)
  to   space 10240K, 0% used [0x0000000772980000,0x0000000772980000,0x0000000773380000)
 ParOldGen       total 95744K, used 17153K [0x00000006ca000000, 0x00000006cfd80000, 0x000000076e000000)
  object space 95744K, 17% used [0x00000006ca000000,0x00000006cb0c0738,0x00000006cfd80000)
 Metaspace       used 34731K, capacity 36626K, committed 36864K, reserved 1081344K
  class space    used 4629K, capacity 4999K, committed 5120K, reserved 1048576K
}

