# JRE version: OpenJDK Runtime Environment (8.0_342-b07) (build 1.8.0_342-b07)
# Java VM: OpenJDK 64-Bit Server VM (25.342-b07 mixed mode windows-amd64 compressed oops)
Heap:
 PSYoungGen      total 266240K, used 184307K [0x000000076e000000, 0x0000000785d00000, 0x00000007c0000000)
  eden space 251904K, 73% used [0x000000076e000000,0x00000007793fcf00,0x000000077d600000)
  from space 14336K, 0% used [0x0000000784f00000,0x0000000784f00000,0x0000000785d00000)
  to   space 10240K, 0% used [0x000000077d600000,0x000000077d600000,0x000000077e000000)
 ParOldGen       total 92672K, used 21007K [0x00000006ca000000, 0x00000006cfa80000, 0x000000076e000000)
  object space 92672K, 22% used [0x00000006ca000000,0x00000006cb483ff0,0x00000006cfa80000)
 Metaspace       used 43160K, capacity 45666K, committed 45744K, reserved 1089536K
  class space    used 5788K, capacity 6270K, committed 6320K, reserved 1048576K
GC Heap History (10 events):
Event: 6.655 GC heap before
{Heap before GC invocations=4 (full 1):
 PSYoungGen      total 137216K, used 10208K [0x000000076e000000, 0x000000077ec00000, 0x00000007c0000000)
  eden space 126976K, 0% used [0x000000076e000000,0x000000076e000000,0x0000000775c00000)
  from space 10240K, 99% used [0x0000000775c00000,0x00000007765f81f8,0x0000000776600000)
  to   space 10240K, 0% used [0x000000077e200000,0x000000077e200000,0x000000077ec00000)
 ParOldGen       total 167936K, used 897K [0x00000006ca000000, 0x00000006d4400000, 0x000000076e000000)
  object space 167936K, 0% used [0x00000006ca000000,0x00000006ca0e0680,0x00000006d4400000)
 Metaspace       used 20496K, capacity 21184K, committed 21296K, reserved 1067008K
  class space    used 2677K, capacity 2851K, committed 2864K, reserved 1048576K
Event: 6.691 GC heap after
Heap after GC invocations=4 (full 1):
 PSYoungGen      total 137216K, used 0K [0x000000076e000000, 0x000000077ec00000, 0x00000007c0000000)
  eden space 126976K, 0% used [0x000000076e000000,0x000000076e000000,0x0000000775c00000)
  from space 10240K, 0% used [0x0000000775c00000,0x0000000775c00000,0x0000000776600000)
  to   space 10240K, 0% used [0x000000077e200000,0x000000077e200000,0x000000077ec00000)
 ParOldGen       total 92672K, used 10636K [0x00000006ca000000, 0x00000006cfa80000, 0x000000076e000000)
  object space 92672K, 11% used [0x00000006ca000000,0x00000006caa632b8,0x00000006cfa80000)
 Metaspace       used 20495K, capacity 21178K, committed 21296K, reserved 1067008K
  class space    used 2677K, capacity 2850K, committed 2864K, reserved 1048576K
}
Event: 10.133 GC heap before
{Heap before GC invocations=5 (full 1):
 PSYoungGen      total 137216K, used 126976K [0x000000076e000000, 0x000000077ec00000, 0x00000007c0000000)
  eden space 126976K, 100% used [0x000000076e000000,0x0000000775c00000,0x0000000775c00000)
  from space 10240K, 0% used [0x0000000775c00000,0x0000000775c00000,0x0000000776600000)
  to   space 10240K, 0% used [0x000000077e200000,0x000000077e200000,0x000000077ec00000)
 ParOldGen       total 92672K, used 10636K [0x00000006ca000000, 0x00000006cfa80000, 0x000000076e000000)
  object space 92672K, 11% used [0x00000006ca000000,0x00000006caa632b8,0x00000006cfa80000)
 Metaspace       used 23902K, capacity 24926K, committed 25008K, reserved 1071104K
  class space    used 3203K, capacity 3446K, committed 3504K, reserved 1048576K
Event: 10.139 GC heap after
Heap after GC invocations=5 (full 1):
 PSYoungGen      total 221696K, used 7881K [0x000000076e000000, 0x000000077ea00000, 0x00000007c0000000)
  eden space 213504K, 0% used [0x000000076e000000,0x000000076e000000,0x000000077b080000)
  from space 8192K, 96% used [0x000000077e200000,0x000000077e9b2730,0x000000077ea00000)
  to   space 10240K, 0% used [0x000000077d600000,0x000000077d600000,0x000000077e000000)
 ParOldGen       total 92672K, used 10644K [0x00000006ca000000, 0x00000006cfa80000, 0x000000076e000000)
  object space 92672K, 11% used [0x00000006ca000000,0x00000006caa652b8,0x00000006cfa80000)
 Metaspace       used 23902K, capacity 24926K, committed 25008K, reserved 1071104K
  class space    used 3203K, capacity 3446K, committed 3504K, reserved 1048576K
}
Event: 12.602 GC heap before
{Heap before GC invocations=6 (full 1):
 PSYoungGen      total 221696K, used 221385K [0x000000076e000000, 0x000000077ea00000, 0x00000007c0000000)
  eden space 213504K, 100% used [0x000000076e000000,0x000000077b080000,0x000000077b080000)
  from space 8192K, 96% used [0x000000077e200000,0x000000077e9b2730,0x000000077ea00000)
  to   space 10240K, 0% used [0x000000077d600000,0x000000077d600000,0x000000077e000000)
 ParOldGen       total 92672K, used 10644K [0x00000006ca000000, 0x00000006cfa80000, 0x000000076e000000)
  object space 92672K, 11% used [0x00000006ca000000,0x00000006caa652b8,0x00000006cfa80000)
 Metaspace       used 29849K, capacity 31226K, committed 31536K, reserved 1077248K
  class space    used 4036K, capacity 4337K, committed 4400K, reserved 1048576K
Event: 12.638 GC heap after
Heap after GC invocations=6 (full 1):
 PSYoungGen      total 262144K, used 10239K [0x000000076e000000, 0x0000000785d00000, 0x00000007c0000000)
  eden space 251904K, 0% used [0x000000076e000000,0x000000076e000000,0x000000077d600000)
  from space 10240K, 99% used [0x000000077d600000,0x000000077dffff88,0x000000077e000000)
  to   space 14336K, 0% used [0x0000000784f00000,0x0000000784f00000,0x0000000785d00000)
 ParOldGen       total 92672K, used 14136K [0x00000006ca000000, 0x00000006cfa80000, 0x000000076e000000)
  object space 92672K, 15% used [0x00000006ca000000,0x00000006cadce2c8,0x00000006cfa80000)
 Metaspace       used 29849K, capacity 31226K, committed 31536K, reserved 1077248K
  class space    used 4036K, capacity 4337K, committed 4400K, reserved 1048576K
}
Event: 13.778 GC heap before
{Heap before GC invocations=7 (full 1):
 PSYoungGen      total 262144K, used 116667K [0x000000076e000000, 0x0000000785d00000, 0x00000007c0000000)
  eden space 251904K, 42% used [0x000000076e000000,0x00000007747eee88,0x000000077d600000)
  from space 10240K, 99% used [0x000000077d600000,0x000000077dffff88,0x000000077e000000)
  to   space 14336K, 0% used [0x0000000784f00000,0x0000000784f00000,0x0000000785d00000)
 ParOldGen       total 92672K, used 14136K [0x00000006ca000000, 0x00000006cfa80000, 0x000000076e000000)
  object space 92672K, 15% used [0x00000006ca000000,0x00000006cadce2c8,0x00000006cfa80000)
 Metaspace       used 33546K, capacity 35354K, committed 35496K, reserved 1079296K
  class space    used 4474K, capacity 4817K, committed 4912K, reserved 1048576K
Event: 13.788 GC heap after
Heap after GC invocations=7 (full 1):
 PSYoungGen      total 266240K, used 14313K [0x000000076e000000, 0x0000000785d00000, 0x00000007c0000000)
  eden space 251904K, 0% used [0x000000076e000000,0x000000076e000000,0x000000077d600000)
  from space 14336K, 99% used [0x0000000784f00000,0x0000000785cfa418,0x0000000785d00000)
  to   space 10240K, 0% used [0x000000077d600000,0x000000077d600000,0x000000077e000000)
 ParOldGen       total 92672K, used 14446K [0x00000006ca000000, 0x00000006cfa80000, 0x000000076e000000)
  object space 92672K, 15% used [0x00000006ca000000,0x00000006cae1bbf0,0x00000006cfa80000)
 Metaspace       used 33546K, capacity 35354K, committed 35496K, reserved 1079296K
  class space    used 4474K, capacity 4817K, committed 4912K, reserved 1048576K
}
Event: 13.788 GC heap before
{Heap before GC invocations=8 (full 2):
 PSYoungGen      total 266240K, used 14313K [0x000000076e000000, 0x0000000785d00000, 0x00000007c0000000)
  eden space 251904K, 0% used [0x000000076e000000,0x000000076e000000,0x000000077d600000)
  from space 14336K, 99% used [0x0000000784f00000,0x0000000785cfa418,0x0000000785d00000)
  to   space 10240K, 0% used [0x000000077d600000,0x000000077d600000,0x000000077e000000)
 ParOldGen       total 92672K, used 14446K [0x00000006ca000000, 0x00000006cfa80000, 0x000000076e000000)
  object space 92672K, 15% used [0x00000006ca000000,0x00000006cae1bbf0,0x00000006cfa80000)
 Metaspace       used 33546K, capacity 35354K, committed 35496K, reserved 1079296K
  class space    used 4474K, capacity 4817K, committed 4912K, reserved 1048576K
Event: 13.826 GC heap after
Heap after GC invocations=8 (full 2):
 PSYoungGen      total 266240K, used 0K [0x000000076e000000, 0x0000000785d00000, 0x00000007c0000000)
  eden space 251904K, 0% used [0x000000076e000000,0x000000076e000000,0x000000077d600000)
  from space 14336K, 0% used [0x0000000784f00000,0x0000000784f00000,0x0000000785d00000)
  to   space 10240K, 0% used [0x000000077d600000,0x000000077d600000,0x000000077e000000)
 ParOldGen       total 92672K, used 21007K [0x00000006ca000000, 0x00000006cfa80000, 0x000000076e000000)
  object space 92672K, 22% used [0x00000006ca000000,0x00000006cb483ff0,0x00000006cfa80000)
 Metaspace       used 33546K, capacity 35354K, committed 35496K, reserved 1079296K
  class space    used 4474K, capacity 4817K, committed 4912K, reserved 1048576K
}

